c:\work area\texttools\texttools\debug\vc142.pdb
c:\work area\texttools\texttools\debug\vc142.idb
c:\work area\texttools\texttools\debug\colors.obj
c:\work area\texttools\texttools\debug\source.obj
c:\work area\texttools\texttools\debug\shapes.obj
c:\work area\texttools\texttools\debug\node.obj
c:\work area\texttools\texttools\debug\myrectangle.obj
c:\work area\texttools\texttools\debug\mymouse.obj
c:\work area\texttools\texttools\debug\mygraphics.obj
c:\work area\texttools\texttools\debug\mygraph.obj
c:\work area\texttools\texttools\debug\mycircle.obj
c:\work area\texttools\texttools\debug\image.obj
c:\work area\texttools\texttools\debug\easybmp.obj
c:\work area\texttools\texttools\debug\coordinates.obj
c:\work area\texttools\texttools\debug\connect.obj
c:\work area\texttools\texttools\debug\binarytree.obj
c:\work area\texttools\texttools\debug\mymouse2.obj
c:\work area\texttools\debug\texttools.exe
c:\work area\texttools\texttools\debug\texttools.ilk
c:\work area\texttools\debug\texttools.pdb
c:\work area\texttools\texttools\debug\texttools.tlog\cl.command.1.tlog
c:\work area\texttools\texttools\debug\texttools.tlog\cl.read.1.tlog
c:\work area\texttools\texttools\debug\texttools.tlog\cl.write.1.tlog
c:\work area\texttools\texttools\debug\texttools.tlog\link.command.1.tlog
c:\work area\texttools\texttools\debug\texttools.tlog\link.read.1.tlog
c:\work area\texttools\texttools\debug\texttools.tlog\link.write.1.tlog
